This is pdfTeX, Version 3.141592653-2.6-1.40.26 (TeX Live 2024) (preloaded format=pdflatex 2024.8.8)  21 APR 2025 14:39
entering extended mode
 restricted \write18 enabled.
 file:line:error style messages enabled.
 %&-line parsing enabled.
**main.tex
(./main.tex
LaTeX2e <2023-11-01> patch level 1
L3 programming layer <2024-02-20>
(/usr/local/texlive/2024/texmf-dist/tex/latex/base/article.cls
Document Class: article 2023/05/17 v1.4n Standard LaTeX document class
(/usr/local/texlive/2024/texmf-dist/tex/latex/base/size11.clo
File: size11.clo 2023/05/17 v1.4n Standard LaTeX file (size option)
)
\c@part=\count188
\c@section=\count189
\c@subsection=\count190
\c@subsubsection=\count191
\c@paragraph=\count192
\c@subparagraph=\count193
\c@figure=\count194
\c@table=\count195
\abovecaptionskip=\skip48
\belowcaptionskip=\skip49
\bibindent=\dimen140
) (./Preamble.sty
Package: Preamble 
 (/usr/local/texlive/2024/texmf-dist/tex/latex/geometry/geometry.sty
Package: geometry 2020/01/02 v5.9 Page Geometry
 (/usr/local/texlive/2024/texmf-dist/tex/latex/graphics/keyval.sty
Package: keyval 2022/05/29 v1.15 key=value parser (DPC)
\KV@toks@=\toks17
) (/usr/local/texlive/2024/texmf-dist/tex/generic/iftex/ifvtex.sty
Package: ifvtex 2019/10/25 v1.7 ifvtex legacy package. Use iftex instead.
 (/usr/local/texlive/2024/texmf-dist/tex/generic/iftex/iftex.sty
Package: iftex 2022/02/03 v1.0f TeX engine tests
))
\Gm@cnth=\count196
\Gm@cntv=\count197
\c@Gm@tempcnt=\count198
\Gm@bindingoffset=\dimen141
\Gm@wd@mp=\dimen142
\Gm@odd@mp=\dimen143
\Gm@even@mp=\dimen144
\Gm@layoutwidth=\dimen145
\Gm@layoutheight=\dimen146
\Gm@layouthoffset=\dimen147
\Gm@layoutvoffset=\dimen148
\Gm@dimlist=\toks18
) (/usr/local/texlive/2024/texmf-dist/tex/latex/amsmath/amsmath.sty
Package: amsmath 2023/05/13 v2.17o AMS math features
\@mathmargin=\skip50

For additional information on amsmath, use the `?' option.
(/usr/local/texlive/2024/texmf-dist/tex/latex/amsmath/amstext.sty
Package: amstext 2021/08/26 v2.01 AMS text
 (/usr/local/texlive/2024/texmf-dist/tex/latex/amsmath/amsgen.sty
File: amsgen.sty 1999/11/30 v2.0 generic functions
\@emptytoks=\toks19
\ex@=\dimen149
)) (/usr/local/texlive/2024/texmf-dist/tex/latex/amsmath/amsbsy.sty
Package: amsbsy 1999/11/29 v1.2d Bold Symbols
\pmbraise@=\dimen150
) (/usr/local/texlive/2024/texmf-dist/tex/latex/amsmath/amsopn.sty
Package: amsopn 2022/04/08 v2.04 operator names
)
\inf@bad=\count199
LaTeX Info: Redefining \frac on input line 234.
\uproot@=\count266
\leftroot@=\count267
LaTeX Info: Redefining \overline on input line 399.
LaTeX Info: Redefining \colon on input line 410.
\classnum@=\count268
\DOTSCASE@=\count269
LaTeX Info: Redefining \ldots on input line 496.
LaTeX Info: Redefining \dots on input line 499.
LaTeX Info: Redefining \cdots on input line 620.
\Mathstrutbox@=\box51
\strutbox@=\box52
LaTeX Info: Redefining \big on input line 722.
LaTeX Info: Redefining \Big on input line 723.
LaTeX Info: Redefining \bigg on input line 724.
LaTeX Info: Redefining \Bigg on input line 725.
\big@size=\dimen151
LaTeX Font Info:    Redeclaring font encoding OML on input line 743.
LaTeX Font Info:    Redeclaring font encoding OMS on input line 744.
\macc@depth=\count270
LaTeX Info: Redefining \bmod on input line 905.
LaTeX Info: Redefining \pmod on input line 910.
LaTeX Info: Redefining \smash on input line 940.
LaTeX Info: Redefining \relbar on input line 970.
LaTeX Info: Redefining \Relbar on input line 971.
\c@MaxMatrixCols=\count271
\dotsspace@=\muskip16
\c@parentequation=\count272
\dspbrk@lvl=\count273
\tag@help=\toks20
\row@=\count274
\column@=\count275
\maxfields@=\count276
\andhelp@=\toks21
\eqnshift@=\dimen152
\alignsep@=\dimen153
\tagshift@=\dimen154
\tagwidth@=\dimen155
\totwidth@=\dimen156
\lineht@=\dimen157
\@envbody=\toks22
\multlinegap=\skip51
\multlinetaggap=\skip52
\mathdisplay@stack=\toks23
LaTeX Info: Redefining \[ on input line 2953.
LaTeX Info: Redefining \] on input line 2954.
) (/usr/local/texlive/2024/texmf-dist/tex/latex/amsfonts/amsfonts.sty
Package: amsfonts 2013/01/14 v3.01 Basic AMSFonts support
\symAMSa=\mathgroup4
\symAMSb=\mathgroup5
LaTeX Font Info:    Redeclaring math symbol \hbar on input line 98.
LaTeX Font Info:    Overwriting math alphabet `\mathfrak' in version `bold'
(Font)                  U/euf/m/n --> U/euf/b/n on input line 106.
) (/usr/local/texlive/2024/texmf-dist/tex/latex/amsfonts/amssymb.sty
Package: amssymb 2013/01/14 v3.01 AMS font symbols
) (/usr/local/texlive/2024/texmf-dist/tex/generic/babel/babel.sty
Package: babel 2024/02/07 v24.2 The Babel package
\babel@savecnt=\count277
\U@D=\dimen158
\l@unhyphenated=\language89
 (/usr/local/texlive/2024/texmf-dist/tex/generic/babel/txtbabel.def)
\bbl@readstream=\read2
\bbl@dirlevel=\count278
 (/usr/local/texlive/2024/texmf-dist/tex/generic/babel-english/english.ldf
Language: english 2017/06/06 v3.3r English support from the babel system
Package babel Info: Hyphen rules for 'canadian' set to \l@english
(babel)             (\language0). Reported on input line 102.
Package babel Info: Hyphen rules for 'australian' set to \l@ukenglish
(babel)             (\language23). Reported on input line 105.
Package babel Info: Hyphen rules for 'newzealand' set to \l@ukenglish
(babel)             (\language23). Reported on input line 108.
)) (/usr/local/texlive/2024/texmf-dist/tex/generic/babel/locale/en/babel-english.tex
Package babel Info: Importing font and identification data for english
(babel)             from babel-en.ini. Reported on input line 11.
) (/usr/local/texlive/2024/texmf-dist/tex/latex/graphics/graphicx.sty
Package: graphicx 2021/09/16 v1.2d Enhanced LaTeX Graphics (DPC,SPQR)
 (/usr/local/texlive/2024/texmf-dist/tex/latex/graphics/graphics.sty
Package: graphics 2022/03/10 v1.4e Standard LaTeX Graphics (DPC,SPQR)
 (/usr/local/texlive/2024/texmf-dist/tex/latex/graphics/trig.sty
Package: trig 2021/08/11 v1.11 sin cos tan (DPC)
) (/usr/local/texlive/2024/texmf-dist/tex/latex/graphics-cfg/graphics.cfg
File: graphics.cfg 2016/06/04 v1.11 sample graphics configuration
)
Package graphics Info: Driver file: pdftex.def on input line 107.
 (/usr/local/texlive/2024/texmf-dist/tex/latex/graphics-def/pdftex.def
File: pdftex.def 2022/09/22 v1.2b Graphics/color driver for pdftex
))
\Gin@req@height=\dimen159
\Gin@req@width=\dimen160
) (/usr/local/texlive/2024/texmf-dist/tex/latex/base/fontenc.sty
Package: fontenc 2021/04/29 v2.0v Standard LaTeX package
) (/usr/local/texlive/2024/texmf-dist/tex/latex/listings/listings.sty
\lst@mode=\count279
\lst@gtempboxa=\box53
\lst@token=\toks24
\lst@length=\count280
\lst@currlwidth=\dimen161
\lst@column=\count281
\lst@pos=\count282
\lst@lostspace=\dimen162
\lst@width=\dimen163
\lst@newlines=\count283
\lst@lineno=\count284
\lst@maxwidth=\dimen164
 (/usr/local/texlive/2024/texmf-dist/tex/latex/listings/lstpatch.sty
File: lstpatch.sty 2024/02/21 1.10 (Carsten Heinz)
) (/usr/local/texlive/2024/texmf-dist/tex/latex/listings/lstmisc.sty
File: lstmisc.sty 2024/02/21 1.10 (Carsten Heinz)
\c@lstnumber=\count285
\lst@skipnumbers=\count286
\lst@framebox=\box54
) (/usr/local/texlive/2024/texmf-dist/tex/latex/listings/listings.cfg
File: listings.cfg 2024/02/21 1.10 listings configuration
))
Package: listings 2024/02/21 1.10 (Carsten Heinz)
 (/usr/local/texlive/2024/texmf-dist/tex/latex/xcolor/xcolor.sty
Package: xcolor 2023/11/15 v3.01 LaTeX color extensions (UK)
 (/usr/local/texlive/2024/texmf-dist/tex/latex/graphics-cfg/color.cfg
File: color.cfg 2016/01/02 v1.6 sample color configuration
)
Package xcolor Info: Driver file: pdftex.def on input line 274.
 (/usr/local/texlive/2024/texmf-dist/tex/latex/graphics/mathcolor.ltx)
Package xcolor Info: Model `cmy' substituted by `cmy0' on input line 1350.
Package xcolor Info: Model `hsb' substituted by `rgb' on input line 1354.
Package xcolor Info: Model `RGB' extended on input line 1366.
Package xcolor Info: Model `HTML' substituted by `rgb' on input line 1368.
Package xcolor Info: Model `Hsb' substituted by `hsb' on input line 1369.
Package xcolor Info: Model `tHsb' substituted by `hsb' on input line 1370.
Package xcolor Info: Model `HSB' substituted by `hsb' on input line 1371.
Package xcolor Info: Model `Gray' substituted by `gray' on input line 1372.
Package xcolor Info: Model `wave' substituted by `hsb' on input line 1373.
) (/usr/local/texlive/2024/texmf-dist/tex/latex/graphics/dvipsnam.def
File: dvipsnam.def 2016/06/17 v3.0m Driver-dependent file (DPC,SPQR)
) (/usr/local/texlive/2024/texmf-dist/tex/latex/caption/caption.sty
Package: caption 2023/08/05 v3.6o Customizing captions (AR)
 (/usr/local/texlive/2024/texmf-dist/tex/latex/caption/caption3.sty
Package: caption3 2023/07/31 v2.4d caption3 kernel (AR)
\caption@tempdima=\dimen165
\captionmargin=\dimen166
\caption@leftmargin=\dimen167
\caption@rightmargin=\dimen168
\caption@width=\dimen169
\caption@indent=\dimen170
\caption@parindent=\dimen171
\caption@hangindent=\dimen172
Package caption Info: Standard document class detected.
)
\c@caption@flags=\count287
\c@continuedfloat=\count288
Package caption Info: listings package is loaded.
) (/usr/local/texlive/2024/texmf-dist/tex/latex/etoolbox/etoolbox.sty
Package: etoolbox 2020/10/05 v2.5k e-TeX tools for LaTeX (JAW)
\etb@tempcnta=\count289
) (/usr/local/texlive/2024/texmf-dist/tex/latex/caption/subcaption.sty
Package: subcaption 2023/07/28 v1.6b Sub-captions (AR)
Package caption Info: New subtype `subfigure' on input line 238.
\c@subfigure=\count290
Package caption Info: New subtype `subtable' on input line 238.
\c@subtable=\count291
) (/usr/local/texlive/2024/texmf-dist/tex/latex/mathtools/mathtools.sty
Package: mathtools 2024/03/11 v1.30 mathematical typesetting tools

(/usr/local/texlive/2024/texmf-dist/tex/latex/tools/calc.sty
Package: calc 2023/07/08 v4.3 Infix arithmetic (KKT,FJ)
\calc@Acount=\count292
\calc@Bcount=\count293
\calc@Adimen=\dimen173
\calc@Bdimen=\dimen174
\calc@Askip=\skip53
\calc@Bskip=\skip54
LaTeX Info: Redefining \setlength on input line 80.
LaTeX Info: Redefining \addtolength on input line 81.
\calc@Ccount=\count294
\calc@Cskip=\skip55
) (/usr/local/texlive/2024/texmf-dist/tex/latex/mathtools/mhsetup.sty
Package: mhsetup 2021/03/18 v1.4 programming setup (MH)
)
\g_MT_multlinerow_int=\count295
\l_MT_multwidth_dim=\dimen175
\origjot=\skip56
\l_MT_shortvdotswithinadjustabove_dim=\dimen176
\l_MT_shortvdotswithinadjustbelow_dim=\dimen177
\l_MT_above_intertext_sep=\dimen178
\l_MT_below_intertext_sep=\dimen179
\l_MT_above_shortintertext_sep=\dimen180
\l_MT_below_shortintertext_sep=\dimen181
\xmathstrut@box=\box55
\xmathstrut@dim=\dimen182
) (/usr/local/texlive/2024/texmf-dist/tex/generic/soul/soul.sty
Package: soul 2023-06-14 v3.1 Permit use of UTF-8 characters in soul (HO)
 (/usr/local/texlive/2024/texmf-dist/tex/generic/soul/soul-ori.sty
Package: soul-ori 2023-06-14 v3.1 letterspacing/underlining (mf)
\SOUL@word=\toks25
\SOUL@lasttoken=\toks26
\SOUL@syllable=\toks27
\SOUL@cmds=\toks28
\SOUL@buffer=\toks29
\SOUL@token=\toks30
\SOUL@syllgoal=\dimen183
\SOUL@syllwidth=\dimen184
\SOUL@charkern=\dimen185
\SOUL@hyphkern=\dimen186
\SOUL@dimen=\dimen187
\SOUL@dimeni=\dimen188
\SOUL@minus=\count296
\SOUL@comma=\count297
\SOUL@apo=\count298
\SOUL@grave=\count299
\SOUL@spaceskip=\skip57
\SOUL@ttwidth=\dimen189
\SOUL@uldp=\dimen190
\SOUL@ulht=\dimen191
) (/usr/local/texlive/2024/texmf-dist/tex/generic/infwarerr/infwarerr.sty
Package: infwarerr 2019/12/03 v1.5 Providing info/warning/error messages (HO)
) (/usr/local/texlive/2024/texmf-dist/tex/generic/etexcmds/etexcmds.sty
Package: etexcmds 2019/12/15 v1.7 Avoid name clashes with e-TeX commands (HO)
))) (/usr/local/texlive/2024/texmf-dist/tex/latex/l3backend/l3backend-pdftex.def
File: l3backend-pdftex.def 2024-02-20 L3 backend support: PDF output (pdfTeX)
\l__color_backend_stack_int=\count300
\l__pdf_internal_box=\box56
)

LaTeX Warning: Unused global option(s):
    [A4paper].

(/Users/tamilarasanketheeswaran/Documents/GitHub/ComputationalPhysics/Electrodynamics/.texpadtmp/main.aux)
\openout1 = `main.aux'.

LaTeX Font Info:    Checking defaults for OML/cmm/m/it on input line 31.
LaTeX Font Info:    ... okay on input line 31.
LaTeX Font Info:    Checking defaults for OMS/cmsy/m/n on input line 31.
LaTeX Font Info:    ... okay on input line 31.
LaTeX Font Info:    Checking defaults for OT1/cmr/m/n on input line 31.
LaTeX Font Info:    ... okay on input line 31.
LaTeX Font Info:    Checking defaults for T1/cmr/m/n on input line 31.
LaTeX Font Info:    ... okay on input line 31.
LaTeX Font Info:    Checking defaults for TS1/cmr/m/n on input line 31.
LaTeX Font Info:    ... okay on input line 31.
LaTeX Font Info:    Checking defaults for OMX/cmex/m/n on input line 31.
LaTeX Font Info:    ... okay on input line 31.
LaTeX Font Info:    Checking defaults for U/cmr/m/n on input line 31.
LaTeX Font Info:    ... okay on input line 31.

*geometry* driver: auto-detecting
*geometry* detected driver: pdftex
*geometry* verbose mode - [ preamble ] result:
* driver: pdftex
* paper: a4paper
* layout: <same size as paper>
* layoutoffset:(h,v)=(0.0pt,0.0pt)
* modes: 
* h-part:(L,W,R)=(56.9055pt, 483.69687pt, 56.9055pt)
* v-part:(T,H,B)=(56.9055pt, 686.7347pt, 101.40665pt)
* \paperwidth=597.50787pt
* \paperheight=845.04684pt
* \textwidth=483.69687pt
* \textheight=686.7347pt
* \oddsidemargin=-15.36449pt
* \evensidemargin=-15.36449pt
* \topmargin=-52.36449pt
* \headheight=12.0pt
* \headsep=25.0pt
* \topskip=11.0pt
* \footskip=30.0pt
* \marginparwidth=59.0pt
* \marginparsep=10.0pt
* \columnsep=10.0pt
* \skip\footins=10.0pt plus 4.0pt minus 2.0pt
* \hoffset=0.0pt
* \voffset=0.0pt
* \mag=1000
* \@twocolumnfalse
* \@twosidefalse
* \@mparswitchfalse
* \@reversemarginfalse
* (1in=72.27pt=25.4mm, 1cm=28.453pt)

(/usr/local/texlive/2024/texmf-dist/tex/context/base/mkii/supp-pdf.mkii
[Loading MPS to PDF converter (version 2006.09.02).]
\scratchcounter=\count301
\scratchdimen=\dimen192
\scratchbox=\box57
\nofMPsegments=\count302
\nofMParguments=\count303
\everyMPshowfont=\toks31
\MPscratchCnt=\count304
\MPscratchDim=\dimen193
\MPnumerator=\count305
\makeMPintoPDFobject=\count306
\everyMPtoPDFconversion=\toks32
) (/usr/local/texlive/2024/texmf-dist/tex/latex/epstopdf-pkg/epstopdf-base.sty
Package: epstopdf-base 2020-01-24 v2.11 Base part for package epstopdf
Package epstopdf-base Info: Redefining graphics rule for `.eps' on input line 485.
 (/usr/local/texlive/2024/texmf-dist/tex/latex/latexconfig/epstopdf-sys.cfg
File: epstopdf-sys.cfg 2010/07/13 v1.3 Configuration of (r)epstopdf for TeX Live
))
\c@lstlisting=\count307
Package caption Info: Begin \AtBeginDocument code.
Package caption Info: End \AtBeginDocument code.
LaTeX Font Info:    Trying to load font information for U+msa on input line 34.
 (/usr/local/texlive/2024/texmf-dist/tex/latex/amsfonts/umsa.fd
File: umsa.fd 2013/01/14 v3.01 AMS symbols A
)
LaTeX Font Info:    Trying to load font information for U+msb on input line 34.
 (/usr/local/texlive/2024/texmf-dist/tex/latex/amsfonts/umsb.fd
File: umsb.fd 2013/01/14 v3.01 AMS symbols B
) (/Users/tamilarasanketheeswaran/Documents/GitHub/ComputationalPhysics/Electrodynamics/.texpadtmp/main.toc)
\tf@toc=\write3
\openout3 = `main.toc'.

 [1

{/usr/local/texlive/2024/texmf-var/fonts/map/pdftex/updmap/pdftex.map}{/usr/local/texlive/2024/texmf-dist/fonts/enc/dvips/cm-super/cm-super-t1.enc}]
<Plots/maxwell_tau0.9_thinglass_nmax0.pdf, id=14, 1156.32pt x 650.43pt>
File: Plots/maxwell_tau0.9_thinglass_nmax0.pdf Graphic file (type pdf)
<use Plots/maxwell_tau0.9_thinglass_nmax0.pdf>
Package pdftex.def Info: Plots/maxwell_tau0.9_thinglass_nmax0.pdf  used on input line 50.
(pdftex.def)             Requested size: 435.32422pt x 244.86342pt.
 [2

 <./Plots/maxwell_tau0.9_thinglass_nmax0.pdf>]
LaTeX Font Info:    Trying to load font information for T1+cmtt on input line 101.
 (/usr/local/texlive/2024/texmf-dist/tex/latex/base/t1cmtt.fd
File: t1cmtt.fd 2023/04/13 v2.5m Standard LaTeX font definitions
)

Package amsmath Warning: Foreign command \over;
(amsmath)                \frac or \genfrac should be used instead
(amsmath)                 on input line 101.

[3]
<Plots/maxwell_tau0.9_thinglass_nmax2500.pdf, id=53, 1156.32pt x 650.43pt>
File: Plots/maxwell_tau0.9_thinglass_nmax2500.pdf Graphic file (type pdf)
<use Plots/maxwell_tau0.9_thinglass_nmax2500.pdf>
Package pdftex.def Info: Plots/maxwell_tau0.9_thinglass_nmax2500.pdf  used on input line 150.
(pdftex.def)             Requested size: 241.36131pt x 135.76065pt.
<Plots/maxwell_tau0.9_thinglass_nmax3500.pdf, id=54, 1156.32pt x 650.43pt>
File: Plots/maxwell_tau0.9_thinglass_nmax3500.pdf Graphic file (type pdf)
<use Plots/maxwell_tau0.9_thinglass_nmax3500.pdf>
Package pdftex.def Info: Plots/maxwell_tau0.9_thinglass_nmax3500.pdf  used on input line 156.
(pdftex.def)             Requested size: 241.36131pt x 135.76065pt.
<Plots/maxwell_tau0.9_thinglass_nmax3510.pdf, id=55, 1156.32pt x 650.43pt>
File: Plots/maxwell_tau0.9_thinglass_nmax3510.pdf Graphic file (type pdf)
<use Plots/maxwell_tau0.9_thinglass_nmax3510.pdf>
Package pdftex.def Info: Plots/maxwell_tau0.9_thinglass_nmax3510.pdf  used on input line 162.
(pdftex.def)             Requested size: 241.36131pt x 135.76065pt.
<Plots/maxwell_tau0.9_thinglass_nmax4500.pdf, id=56, 1156.32pt x 650.43pt>
File: Plots/maxwell_tau0.9_thinglass_nmax4500.pdf Graphic file (type pdf)
<use Plots/maxwell_tau0.9_thinglass_nmax4500.pdf>
Package pdftex.def Info: Plots/maxwell_tau0.9_thinglass_nmax4500.pdf  used on input line 168.
(pdftex.def)             Requested size: 241.36131pt x 135.76065pt.
<Plots/maxwell_tau0.9_thinglass_nmax20000.pdf, id=57, 1156.32pt x 650.43pt>
File: Plots/maxwell_tau0.9_thinglass_nmax20000.pdf Graphic file (type pdf)
<use Plots/maxwell_tau0.9_thinglass_nmax20000.pdf>
Package pdftex.def Info: Plots/maxwell_tau0.9_thinglass_nmax20000.pdf  used on input line 174.
(pdftex.def)             Requested size: 241.36131pt x 135.76065pt.
<Plots/maxwell_tau1.05_thinglass_nmax500.pdf, id=58, 1156.32pt x 650.43pt>
File: Plots/maxwell_tau1.05_thinglass_nmax500.pdf Graphic file (type pdf)
<use Plots/maxwell_tau1.05_thinglass_nmax500.pdf>
Package pdftex.def Info: Plots/maxwell_tau1.05_thinglass_nmax500.pdf  used on input line 180.
(pdftex.def)             Requested size: 241.36131pt x 135.76065pt.

Overfull \hbox (1.44737pt too wide) in paragraph at lines 148--184
[]$[]$ $[]$
 []


Overfull \hbox (1.44737pt too wide) in paragraph at lines 148--184
[]$ $[]$
 []


Overfull \hbox (1.44737pt too wide) in paragraph at lines 148--184
[]$ $[]$ 
 []


LaTeX Warning: `!h' float specifier changed to `!ht'.

[4

] [5 <./Plots/maxwell_tau0.9_thinglass_nmax2500.pdf> <./Plots/maxwell_tau0.9_thinglass_nmax3500.pdf> <./Plots/maxwell_tau0.9_thinglass_nmax3510.pdf> <./Plots/maxwell_tau0.9_thinglass_nmax4500.pdf> <./Plots/maxwell_tau0.9_thinglass_nmax20000.pdf> <./Plots/maxwell_tau1.05_thinglass_nmax500.pdf>]
Underfull \hbox (badness 10000) in paragraph at lines 198--200

 []

<Plots/maxwell_tau0.9_thickglass_nmax0.pdf, id=128, 1156.32pt x 650.43pt>
File: Plots/maxwell_tau0.9_thickglass_nmax0.pdf Graphic file (type pdf)
<use Plots/maxwell_tau0.9_thickglass_nmax0.pdf>
Package pdftex.def Info: Plots/maxwell_tau0.9_thickglass_nmax0.pdf  used on input line 204.
(pdftex.def)             Requested size: 241.36131pt x 135.76065pt.
<Plots/maxwell_tau0.9_thickglass_nmax2500.pdf, id=129, 1156.32pt x 650.43pt>
File: Plots/maxwell_tau0.9_thickglass_nmax2500.pdf Graphic file (type pdf)
<use Plots/maxwell_tau0.9_thickglass_nmax2500.pdf>
Package pdftex.def Info: Plots/maxwell_tau0.9_thickglass_nmax2500.pdf  used on input line 210.
(pdftex.def)             Requested size: 241.36131pt x 135.76065pt.
<Plots/maxwell_tau0.9_thickglass_nmax3500.pdf, id=130, 1156.32pt x 650.43pt>
File: Plots/maxwell_tau0.9_thickglass_nmax3500.pdf Graphic file (type pdf)
<use Plots/maxwell_tau0.9_thickglass_nmax3500.pdf>
Package pdftex.def Info: Plots/maxwell_tau0.9_thickglass_nmax3500.pdf  used on input line 216.
(pdftex.def)             Requested size: 241.36131pt x 135.76065pt.
<Plots/maxwell_tau0.9_thickglass_nmax4500.pdf, id=131, 1156.32pt x 650.43pt>
File: Plots/maxwell_tau0.9_thickglass_nmax4500.pdf Graphic file (type pdf)
<use Plots/maxwell_tau0.9_thickglass_nmax4500.pdf>
Package pdftex.def Info: Plots/maxwell_tau0.9_thickglass_nmax4500.pdf  used on input line 222.
(pdftex.def)             Requested size: 241.36131pt x 135.76065pt.
<Plots/maxwell_tau0.9_thickglass_nmax20000.pdf, id=132, 1156.32pt x 650.43pt>
File: Plots/maxwell_tau0.9_thickglass_nmax20000.pdf Graphic file (type pdf)
<use Plots/maxwell_tau0.9_thickglass_nmax20000.pdf>
Package pdftex.def Info: Plots/maxwell_tau0.9_thickglass_nmax20000.pdf  used on input line 228.
(pdftex.def)             Requested size: 241.36131pt x 135.76065pt.
<Plots/maxwell_tau1.05_thickglass_nmax500.pdf, id=133, 1156.32pt x 650.43pt>
File: Plots/maxwell_tau1.05_thickglass_nmax500.pdf Graphic file (type pdf)
<use Plots/maxwell_tau1.05_thickglass_nmax500.pdf>
Package pdftex.def Info: Plots/maxwell_tau1.05_thickglass_nmax500.pdf  used on input line 234.
(pdftex.def)             Requested size: 241.36131pt x 135.76065pt.

Overfull \hbox (1.44737pt too wide) in paragraph at lines 202--238
[]$[]$ $[]$
 []


Overfull \hbox (1.44737pt too wide) in paragraph at lines 202--238
[]$ $[]$
 []


Overfull \hbox (1.44737pt too wide) in paragraph at lines 202--238
[]$ $[]$ 
 []


LaTeX Warning: `!h' float specifier changed to `!ht'.

[6

] [7 <./Plots/maxwell_tau0.9_thickglass_nmax0.pdf> <./Plots/maxwell_tau0.9_thickglass_nmax2500.pdf> <./Plots/maxwell_tau0.9_thickglass_nmax3500.pdf> <./Plots/maxwell_tau0.9_thickglass_nmax4500.pdf> <./Plots/maxwell_tau0.9_thickglass_nmax20000.pdf> <./Plots/maxwell_tau1.05_thickglass_nmax500.pdf>] [8

] (/Users/tamilarasanketheeswaran/Documents/GitHub/ComputationalPhysics/Electrodynamics/.texpadtmp/main.aux)
 ***********
LaTeX2e <2023-11-01> patch level 1
L3 programming layer <2024-02-20>
 ***********
 ) 
Here is how much of TeX's memory you used:
 9229 strings out of 474116
 151116 string characters out of 5743683
 1940187 words of memory out of 5000000
 31468 multiletter control sequences out of 15000+600000
 579085 words of font info for 92 fonts, out of 8000000 for 9000
 1141 hyphenation exceptions out of 8191
 72i,20n,85p,1151b,561s stack positions out of 10000i,1000n,20000p,200000b,200000s
</usr/local/texlive/2024/texmf-dist/fonts/type1/public/amsfonts/cm/cmex10.pfb></usr/local/texlive/2024/texmf-dist/fonts/type1/public/amsfonts/cm/cmmi10.pfb></usr/local/texlive/2024/texmf-dist/fonts/type1/public/amsfonts/cm/cmmi12.pfb></usr/local/texlive/2024/texmf-dist/fonts/type1/public/amsfonts/cm/cmmi6.pfb></usr/local/texlive/2024/texmf-dist/fonts/type1/public/amsfonts/cm/cmmi7.pfb></usr/local/texlive/2024/texmf-dist/fonts/type1/public/amsfonts/cm/cmmi8.pfb></usr/local/texlive/2024/texmf-dist/fonts/type1/public/amsfonts/cm/cmmi9.pfb></usr/local/texlive/2024/texmf-dist/fonts/type1/public/amsfonts/cm/cmr10.pfb></usr/local/texlive/2024/texmf-dist/fonts/type1/public/amsfonts/cm/cmr17.pfb></usr/local/texlive/2024/texmf-dist/fonts/type1/public/amsfonts/cm/cmr6.pfb></usr/local/texlive/2024/texmf-dist/fonts/type1/public/amsfonts/cm/cmr8.pfb></usr/local/texlive/2024/texmf-dist/fonts/type1/public/amsfonts/cm/cmsy10.pfb></usr/local/texlive/2024/texmf-dist/fonts/type1/public/amsfonts/cm/cmsy6.pfb></usr/local/texlive/2024/texmf-dist/fonts/type1/public/amsfonts/cm/cmsy8.pfb></usr/local/texlive/2024/texmf-dist/fonts/type1/public/cm-super/sfbx0900.pfb></usr/local/texlive/2024/texmf-dist/fonts/type1/public/cm-super/sfbx1000.pfb></usr/local/texlive/2024/texmf-dist/fonts/type1/public/cm-super/sfbx1095.pfb></usr/local/texlive/2024/texmf-dist/fonts/type1/public/cm-super/sfbx1200.pfb></usr/local/texlive/2024/texmf-dist/fonts/type1/public/cm-super/sfbx1440.pfb></usr/local/texlive/2024/texmf-dist/fonts/type1/public/cm-super/sfrm0600.pfb></usr/local/texlive/2024/texmf-dist/fonts/type1/public/cm-super/sfrm0800.pfb></usr/local/texlive/2024/texmf-dist/fonts/type1/public/cm-super/sfrm0900.pfb></usr/local/texlive/2024/texmf-dist/fonts/type1/public/cm-super/sfrm1000.pfb></usr/local/texlive/2024/texmf-dist/fonts/type1/public/cm-super/sfrm1095.pfb></usr/local/texlive/2024/texmf-dist/fonts/type1/public/cm-super/sfrm1200.pfb></usr/local/texlive/2024/texmf-dist/fonts/type1/public/cm-super/sfrm1728.pfb></usr/local/texlive/2024/texmf-dist/fonts/
type1/public/cm-super/sftt0800.pfb></usr/local/texlive/2024/texmf-dist/fonts/type1/public/cm-super/sftt0900.pfb></usr/local/texlive/2024/texmf-dist/fonts/type1/public/cm-super/sftt1095.pfb>
Output written on /Users/tamilarasanketheeswaran/Documents/GitHub/ComputationalPhysics/Electrodynamics/.texpadtmp/main.pdf (8 pages, 606767 bytes).
PDF statistics:
 319 PDF objects out of 1000 (max. 8388607)
 237 compressed objects within 3 object streams
 0 named destinations out of 1000 (max. 500000)
 66 words of extra memory for PDF output out of 10000 (max. 10000000)

